{"contracts/DarkNodeRegistrar.sol":{"l":{"85":0,"86":0,"94":0,"95":0,"103":0,"104":0,"113":0,"114":0,"127":1,"128":1,"129":1,"130":1,"148":0,"149":0,"152":0,"155":0,"166":0,"178":0,"181":0,"184":0,"193":0,"194":0,"197":0,"198":0,"201":0,"210":1128,"211":1128,"219":0,"223":0,"227":0,"231":0,"235":0,"239":0,"243":0,"247":0,"248":0,"250":0,"251":0,"253":0,"254":0,"256":0},"path":"/Users/susruth/Desktop/Personal/Work/eth-republic/contracts/DarkNodeRegistrar.sol","s":{"1":0,"2":0,"3":0,"4":0,"5":1,"6":1,"7":1,"8":1,"9":0,"10":0,"11":0,"12":0,"13":0,"14":0,"15":0,"16":0,"17":0,"18":0,"19":0,"20":0,"21":0,"22":1128,"23":1128,"24":0,"25":0,"26":0,"27":0,"28":0,"29":0,"30":0,"31":0,"32":0,"33":0,"34":0,"35":0,"36":0,"37":0},"b":{"1":[0,0],"2":[0,0],"3":[0,0],"4":[0,0],"5":[0,0],"6":[0,0],"7":[0,0],"8":[0,0],"9":[1128,0],"10":[0,0],"11":[0,0],"12":[0,0]},"f":{"1":0,"2":0,"3":0,"4":0,"5":1,"6":0,"7":0,"8":0,"9":1128,"10":0,"11":0,"12":0,"13":0,"14":0,"15":0,"16":0,"17":0},"fnMap":{"1":{"name":"onlyOwner","line":84,"loc":{"start":{"line":84,"column":2},"end":{"line":84,"column":41}}},"2":{"name":"onlyRegistered","line":93,"loc":{"start":{"line":93,"column":2},"end":{"line":93,"column":46}}},"3":{"name":"onlyUnregistered","line":102,"loc":{"start":{"line":102,"column":2},"end":{"line":102,"column":48}}},"4":{"name":"onlyRefundable","line":112,"loc":{"start":{"line":112,"column":2},"end":{"line":112,"column":46}}},"5":{"name":"DarkNodeRegistrar","line":126,"loc":{"start":{"line":126,"column":2},"end":{"line":126,"column":109}}},"6":{"name":"register","line":146,"loc":{"start":{"line":146,"column":2},"end":{"line":146,"column":95}}},"7":{"name":"deregister","line":176,"loc":{"start":{"line":176,"column":2},"end":{"line":176,"column":128}}},"8":{"name":"refund","line":191,"loc":{"start":{"line":191,"column":2},"end":{"line":191,"column":26}}},"9":{"name":"epoch","line":209,"loc":{"start":{"line":209,"column":2},"end":{"line":209,"column":25}}},"10":{"name":"getDarkNode","line":218,"loc":{"start":{"line":218,"column":2},"end":{"line":218,"column":74}}},"11":{"name":"getOwner","line":222,"loc":{"start":{"line":222,"column":2},"end":{"line":222,"column":70}}},"12":{"name":"getBond","line":226,"loc":{"start":{"line":226,"column":2},"end":{"line":226,"column":69}}},"13":{"name":"getPublicKey","line":230,"loc":{"start":{"line":230,"column":2},"end":{"line":230,"column":72}}},"14":{"name":"getCommitment","line":234,"loc":{"start":{"line":234,"column":2},"end":{"line":234,"column":75}}},"15":{"name":"getCurrentEpoch","line":238,"loc":{"start":{"line":238,"column":2},"end":{"line":238,"column":56}}},"16":{"name":"getXingOverlay","line":242,"loc":{"start":{"line":242,"column":2},"end":{"line":242,"column":59}}},"17":{"name":"isDarkNodeRegistered","line":246,"loc":{"start":{"line":246,"column":2},"end":{"line":246,"column":79}}}},"statementMap":{"1":{"start":{"line":85,"column":4},"end":{"line":85,"column":2332}},"2":{"start":{"line":94,"column":4},"end":{"line":94,"column":2520}},"3":{"start":{"line":103,"column":4},"end":{"line":103,"column":2703}},"4":{"start":{"line":113,"column":4},"end":{"line":113,"column":2929}},"5":{"start":{"line":127,"column":4},"end":{"line":127,"column":35}},"6":{"start":{"line":128,"column":4},"end":{"line":128,"column":29}},"7":{"start":{"line":129,"column":4},"end":{"line":129,"column":47}},"8":{"start":{"line":130,"column":4},"end":{"line":130,"column":3621}},"9":{"start":{"line":148,"column":4},"end":{"line":148,"column":49}},"10":{"start":{"line":149,"column":4},"end":{"line":149,"column":30}},"11":{"start":{"line":152,"column":4},"end":{"line":152,"column":52}},"12":{"start":{"line":155,"column":4},"end":{"line":155,"column":4624}},"13":{"start":{"line":166,"column":4},"end":{"line":166,"column":40}},"14":{"start":{"line":178,"column":4},"end":{"line":178,"column":60}},"15":{"start":{"line":181,"column":4},"end":{"line":181,"column":88}},"16":{"start":{"line":184,"column":4},"end":{"line":184,"column":36}},"17":{"start":{"line":193,"column":4},"end":{"line":193,"column":43}},"18":{"start":{"line":194,"column":4},"end":{"line":194,"column":22}},"19":{"start":{"line":197,"column":4},"end":{"line":197,"column":33}},"20":{"start":{"line":198,"column":4},"end":{"line":198,"column":44}},"21":{"start":{"line":201,"column":4},"end":{"line":201,"column":36}},"22":{"start":{"line":210,"column":4},"end":{"line":210,"column":6471}},"23":{"start":{"line":211,"column":6},"end":{"line":211,"column":6539}},"24":{"start":{"line":219,"column":4},"end":{"line":219,"column":33}},"25":{"start":{"line":223,"column":4},"end":{"line":223,"column":39}},"26":{"start":{"line":227,"column":4},"end":{"line":227,"column":38}},"27":{"start":{"line":231,"column":4},"end":{"line":231,"column":43}},"28":{"start":{"line":235,"column":4},"end":{"line":235,"column":44}},"29":{"start":{"line":239,"column":4},"end":{"line":239,"column":23}},"30":{"start":{"line":243,"column":4},"end":{"line":243,"column":27}},"31":{"start":{"line":247,"column":4},"end":{"line":247,"column":7579}},"32":{"start":{"line":248,"column":6},"end":{"line":248,"column":18}},"33":{"start":{"line":250,"column":4},"end":{"line":250,"column":7657}},"34":{"start":{"line":251,"column":6},"end":{"line":251,"column":18}},"35":{"start":{"line":253,"column":4},"end":{"line":253,"column":7799}},"36":{"start":{"line":254,"column":6},"end":{"line":254,"column":18}},"37":{"start":{"line":256,"column":4},"end":{"line":256,"column":15}}},"branchMap":{"1":{"line":85,"type":"if","locations":[{"start":{"line":85,"column":4},"end":{"line":85,"column":4}},{"start":{"line":85,"column":4},"end":{"line":85,"column":4}}]},"2":{"line":94,"type":"if","locations":[{"start":{"line":94,"column":4},"end":{"line":94,"column":4}},{"start":{"line":94,"column":4},"end":{"line":94,"column":4}}]},"3":{"line":103,"type":"if","locations":[{"start":{"line":103,"column":4},"end":{"line":103,"column":4}},{"start":{"line":103,"column":4},"end":{"line":103,"column":4}}]},"4":{"line":113,"type":"if","locations":[{"start":{"line":113,"column":4},"end":{"line":113,"column":4}},{"start":{"line":113,"column":4},"end":{"line":113,"column":4}}]},"5":{"line":149,"type":"if","locations":[{"start":{"line":149,"column":4},"end":{"line":149,"column":4}},{"start":{"line":149,"column":4},"end":{"line":149,"column":4}}]},"6":{"line":152,"type":"if","locations":[{"start":{"line":152,"column":4},"end":{"line":152,"column":4}},{"start":{"line":152,"column":4},"end":{"line":152,"column":4}}]},"7":{"line":194,"type":"if","locations":[{"start":{"line":194,"column":4},"end":{"line":194,"column":4}},{"start":{"line":194,"column":4},"end":{"line":194,"column":4}}]},"8":{"line":198,"type":"if","locations":[{"start":{"line":198,"column":4},"end":{"line":198,"column":4}},{"start":{"line":198,"column":4},"end":{"line":198,"column":4}}]},"9":{"line":210,"type":"if","locations":[{"start":{"line":210,"column":4},"end":{"line":210,"column":4}},{"start":{"line":210,"column":4},"end":{"line":210,"column":4}}]},"10":{"line":247,"type":"if","locations":[{"start":{"line":247,"column":4},"end":{"line":247,"column":4}},{"start":{"line":247,"column":4},"end":{"line":247,"column":4}}]},"11":{"line":250,"type":"if","locations":[{"start":{"line":250,"column":4},"end":{"line":250,"column":4}},{"start":{"line":250,"column":4},"end":{"line":250,"column":4}}]},"12":{"line":253,"type":"if","locations":[{"start":{"line":253,"column":4},"end":{"line":253,"column":4}},{"start":{"line":253,"column":4},"end":{"line":253,"column":4}}]}}},"contracts/Judicar.sol":{"l":{"11":0,"21":0},"path":"/Users/susruth/Desktop/Personal/Work/eth-republic/contracts/Judicar.sol","s":{},"b":{},"f":{"1":0,"2":0,"3":0},"fnMap":{"1":{"name":"onlyOrderBook","line":9,"loc":{"start":{"line":9,"column":2},"end":{"line":9,"column":26}}},"2":{"name":"submitCommitment","line":20,"loc":{"start":{"line":20,"column":2},"end":{"line":20,"column":75}}},"3":{"name":"getProofs","line":24,"loc":{"start":{"line":24,"column":2},"end":{"line":24,"column":75}}}},"statementMap":{},"branchMap":{}},"contracts/LinkedList.sol":{"l":{"36":0,"37":0,"47":0,"48":0,"57":0,"65":0,"76":0,"78":0,"79":0,"80":0,"81":0,"83":0,"94":0,"96":0,"97":0,"98":0,"99":0,"101":0,"110":0,"111":0,"113":0,"114":0,"116":0,"117":0,"120":0,"129":0,"138":0},"path":"/Users/susruth/Desktop/Personal/Work/eth-republic/contracts/LinkedList.sol","s":{"1":0,"2":0,"3":0,"4":0,"5":0,"6":0,"7":0,"8":0,"9":0,"10":0,"11":0,"12":0,"13":0,"14":0,"15":0,"16":0,"17":0,"18":0,"19":0,"20":0,"21":0,"22":0,"23":0,"24":0,"25":0},"b":{"1":[0,0],"2":[0,0],"3":[0,0]},"f":{"1":0,"2":0,"3":0,"4":0,"5":0,"6":0,"7":0,"8":0,"9":0},"fnMap":{"1":{"name":"inList","line":35,"loc":{"start":{"line":35,"column":2},"end":{"line":35,"column":50}}},"2":{"name":"notInList","line":46,"loc":{"start":{"line":46,"column":2},"end":{"line":46,"column":53}}},"3":{"name":"head","line":56,"loc":{"start":{"line":56,"column":2},"end":{"line":56,"column":66}}},"4":{"name":"tail","line":64,"loc":{"start":{"line":64,"column":2},"end":{"line":64,"column":66}}},"5":{"name":"insertBefore","line":74,"loc":{"start":{"line":74,"column":2},"end":{"line":74,"column":109}}},"6":{"name":"insertAfter","line":92,"loc":{"start":{"line":92,"column":2},"end":{"line":92,"column":108}}},"7":{"name":"remove","line":109,"loc":{"start":{"line":109,"column":2},"end":{"line":109,"column":78}}},"8":{"name":"prepend","line":128,"loc":{"start":{"line":128,"column":2},"end":{"line":128,"column":88}}},"9":{"name":"append","line":137,"loc":{"start":{"line":137,"column":2},"end":{"line":137,"column":87}}}},"statementMap":{"1":{"start":{"line":36,"column":4},"end":{"line":36,"column":870}},"2":{"start":{"line":47,"column":4},"end":{"line":47,"column":1129}},"3":{"start":{"line":57,"column":4},"end":{"line":57,"column":31}},"4":{"start":{"line":65,"column":4},"end":{"line":65,"column":35}},"5":{"start":{"line":76,"column":4},"end":{"line":76,"column":48}},"6":{"start":{"line":78,"column":4},"end":{"line":78,"column":35}},"7":{"start":{"line":79,"column":4},"end":{"line":79,"column":41}},"8":{"start":{"line":80,"column":4},"end":{"line":80,"column":39}},"9":{"start":{"line":81,"column":4},"end":{"line":81,"column":37}},"10":{"start":{"line":83,"column":4},"end":{"line":83,"column":35}},"11":{"start":{"line":94,"column":4},"end":{"line":94,"column":40}},"12":{"start":{"line":96,"column":4},"end":{"line":96,"column":39}},"13":{"start":{"line":97,"column":4},"end":{"line":97,"column":33}},"14":{"start":{"line":98,"column":4},"end":{"line":98,"column":35}},"15":{"start":{"line":99,"column":4},"end":{"line":99,"column":37}},"16":{"start":{"line":101,"column":4},"end":{"line":101,"column":35}},"17":{"start":{"line":110,"column":4},"end":{"line":110,"column":3064}},"18":{"start":{"line":111,"column":6},"end":{"line":111,"column":12}},"19":{"start":{"line":113,"column":4},"end":{"line":113,"column":46}},"20":{"start":{"line":114,"column":4},"end":{"line":114,"column":38}},"21":{"start":{"line":116,"column":4},"end":{"line":116,"column":34}},"22":{"start":{"line":117,"column":4},"end":{"line":117,"column":38}},"23":{"start":{"line":119,"column":4},"end":{"line":119,"column":33}},"24":{"start":{"line":129,"column":4},"end":{"line":129,"column":42}},"25":{"start":{"line":138,"column":4},"end":{"line":138,"column":41}}},"branchMap":{"1":{"line":36,"type":"if","locations":[{"start":{"line":36,"column":4},"end":{"line":36,"column":4}},{"start":{"line":36,"column":4},"end":{"line":36,"column":4}}]},"2":{"line":47,"type":"if","locations":[{"start":{"line":47,"column":4},"end":{"line":47,"column":4}},{"start":{"line":47,"column":4},"end":{"line":47,"column":4}}]},"3":{"line":110,"type":"if","locations":[{"start":{"line":110,"column":4},"end":{"line":110,"column":4}},{"start":{"line":110,"column":4},"end":{"line":110,"column":4}}]}}},"contracts/TraderRegistrar.sol":{"l":{"61":0,"62":0,"70":0,"71":0,"79":0,"80":0,"92":1,"93":1,"108":0,"109":0,"112":0,"115":0,"121":0,"124":0,"136":0,"139":0,"140":0,"141":0,"142":0,"145":0,"154":0,"155":0,"158":0,"159":0,"162":0,"166":0,"170":0,"174":0,"178":0,"182":0},"path":"/Users/susruth/Desktop/Personal/Work/eth-republic/contracts/TraderRegistrar.sol","s":{"1":0,"2":0,"3":0,"4":1,"5":1,"6":0,"7":0,"8":0,"9":0,"10":0,"11":0,"12":0,"13":0,"14":0,"15":0,"16":0,"17":0,"18":0,"19":0,"20":0,"21":0,"22":0,"23":0,"24":0,"25":0,"26":0},"b":{"1":[0,0],"2":[0,0],"3":[0,0],"4":[0,0],"5":[0,0],"6":[0,0],"7":[0,0]},"f":{"1":0,"2":0,"3":0,"4":1,"5":0,"6":0,"7":0,"8":0,"9":0,"10":0,"11":0,"12":0},"fnMap":{"1":{"name":"onlyOwner","line":60,"loc":{"start":{"line":60,"column":2},"end":{"line":60,"column":39}}},"2":{"name":"onlyUnregistered","line":69,"loc":{"start":{"line":69,"column":2},"end":{"line":69,"column":46}}},"3":{"name":"onlyRegistered","line":78,"loc":{"start":{"line":78,"column":2},"end":{"line":78,"column":44}}},"4":{"name":"TraderRegistrar","line":91,"loc":{"start":{"line":91,"column":2},"end":{"line":91,"column":76}}},"5":{"name":"register","line":106,"loc":{"start":{"line":106,"column":2},"end":{"line":106,"column":91}}},"6":{"name":"deregister","line":134,"loc":{"start":{"line":134,"column":2},"end":{"line":134,"column":94}}},"7":{"name":"refund","line":152,"loc":{"start":{"line":152,"column":2},"end":{"line":152,"column":26}}},"8":{"name":"getTrader","line":165,"loc":{"start":{"line":165,"column":2},"end":{"line":165,"column":68}}},"9":{"name":"getNumberOfTraders","line":169,"loc":{"start":{"line":169,"column":2},"end":{"line":169,"column":61}}},"10":{"name":"getOwner","line":173,"loc":{"start":{"line":173,"column":2},"end":{"line":173,"column":68}}},"11":{"name":"getBond","line":177,"loc":{"start":{"line":177,"column":2},"end":{"line":177,"column":67}}},"12":{"name":"getPublicKey","line":181,"loc":{"start":{"line":181,"column":2},"end":{"line":181,"column":70}}}},"statementMap":{"1":{"start":{"line":61,"column":4},"end":{"line":61,"column":1658}},"2":{"start":{"line":70,"column":4},"end":{"line":70,"column":1842}},"3":{"start":{"line":79,"column":4},"end":{"line":79,"column":2015}},"4":{"start":{"line":92,"column":4},"end":{"line":92,"column":35}},"5":{"start":{"line":93,"column":4},"end":{"line":93,"column":29}},"6":{"start":{"line":108,"column":4},"end":{"line":108,"column":49}},"7":{"start":{"line":109,"column":4},"end":{"line":109,"column":30}},"8":{"start":{"line":112,"column":4},"end":{"line":112,"column":52}},"9":{"start":{"line":115,"column":4},"end":{"line":115,"column":3324}},"10":{"start":{"line":124,"column":4},"end":{"line":124,"column":36}},"11":{"start":{"line":136,"column":4},"end":{"line":136,"column":56}},"12":{"start":{"line":139,"column":4},"end":{"line":139,"column":31}},"13":{"start":{"line":140,"column":4},"end":{"line":140,"column":30}},"14":{"start":{"line":141,"column":4},"end":{"line":141,"column":36}},"15":{"start":{"line":142,"column":4},"end":{"line":142,"column":40}},"16":{"start":{"line":145,"column":4},"end":{"line":145,"column":32}},"17":{"start":{"line":154,"column":4},"end":{"line":154,"column":43}},"18":{"start":{"line":155,"column":4},"end":{"line":155,"column":22}},"19":{"start":{"line":158,"column":4},"end":{"line":158,"column":33}},"20":{"start":{"line":159,"column":4},"end":{"line":159,"column":44}},"21":{"start":{"line":162,"column":4},"end":{"line":162,"column":36}},"22":{"start":{"line":166,"column":4},"end":{"line":166,"column":29}},"23":{"start":{"line":170,"column":4},"end":{"line":170,"column":26}},"24":{"start":{"line":174,"column":4},"end":{"line":174,"column":35}},"25":{"start":{"line":178,"column":4},"end":{"line":178,"column":34}},"26":{"start":{"line":182,"column":4},"end":{"line":182,"column":39}}},"branchMap":{"1":{"line":61,"type":"if","locations":[{"start":{"line":61,"column":4},"end":{"line":61,"column":4}},{"start":{"line":61,"column":4},"end":{"line":61,"column":4}}]},"2":{"line":70,"type":"if","locations":[{"start":{"line":70,"column":4},"end":{"line":70,"column":4}},{"start":{"line":70,"column":4},"end":{"line":70,"column":4}}]},"3":{"line":79,"type":"if","locations":[{"start":{"line":79,"column":4},"end":{"line":79,"column":4}},{"start":{"line":79,"column":4},"end":{"line":79,"column":4}}]},"4":{"line":109,"type":"if","locations":[{"start":{"line":109,"column":4},"end":{"line":109,"column":4}},{"start":{"line":109,"column":4},"end":{"line":109,"column":4}}]},"5":{"line":112,"type":"if","locations":[{"start":{"line":112,"column":4},"end":{"line":112,"column":4}},{"start":{"line":112,"column":4},"end":{"line":112,"column":4}}]},"6":{"line":155,"type":"if","locations":[{"start":{"line":155,"column":4},"end":{"line":155,"column":4}},{"start":{"line":155,"column":4},"end":{"line":155,"column":4}}]},"7":{"line":159,"type":"if","locations":[{"start":{"line":159,"column":4},"end":{"line":159,"column":4}},{"start":{"line":159,"column":4},"end":{"line":159,"column":4}}]}}},"contracts/Utils.sol":{"l":{"15":0,"16":0,"17":0,"18":0,"19":0,"21":0,"34":0,"46":0,"58":0,"86":0,"87":0},"path":"/Users/susruth/Desktop/Personal/Work/eth-republic/contracts/Utils.sol","s":{"1":0,"2":0,"3":0,"4":0,"5":0,"6":0,"7":0,"8":0,"9":0,"10":0},"b":{"1":[0,0],"2":[0,0]},"f":{"1":0,"2":0,"3":0,"4":0},"fnMap":{"1":{"name":"lastNBytes","line":14,"loc":{"start":{"line":14,"column":2},"end":{"line":14,"column":73}}},"2":{"name":"ethereumAddressFromPublicKey","line":33,"loc":{"start":{"line":33,"column":2},"end":{"line":33,"column":87}}},"3":{"name":"republicIDFromPublicKey","line":45,"loc":{"start":{"line":45,"column":2},"end":{"line":45,"column":82}}},"4":{"name":"logtwo","line":57,"loc":{"start":{"line":57,"column":2},"end":{"line":57,"column":55}}}},"statementMap":{"1":{"start":{"line":15,"column":4},"end":{"line":15,"column":27}},"2":{"start":{"line":16,"column":4},"end":{"line":16,"column":22}},"3":{"start":{"line":17,"column":4},"end":{"line":17,"column":32}},"4":{"start":{"line":18,"column":4},"end":{"line":18,"column":502}},"5":{"start":{"line":19,"column":6},"end":{"line":19,"column":29}},"6":{"start":{"line":21,"column":4},"end":{"line":21,"column":14}},"7":{"start":{"line":34,"column":4},"end":{"line":34,"column":57}},"8":{"start":{"line":46,"column":4},"end":{"line":46,"column":59}},"9":{"start":{"line":86,"column":4},"end":{"line":86,"column":3345}},"10":{"start":{"line":87,"column":6},"end":{"line":87,"column":10}}},"branchMap":{"1":{"line":15,"type":"if","locations":[{"start":{"line":15,"column":4},"end":{"line":15,"column":4}},{"start":{"line":15,"column":4},"end":{"line":15,"column":4}}]},"2":{"line":86,"type":"if","locations":[{"start":{"line":86,"column":4},"end":{"line":86,"column":4}},{"start":{"line":86,"column":4},"end":{"line":86,"column":4}}]}}}}