TN:
SF:/Users/susruth/Desktop/Personal/Work/eth-republic/contracts/DarkNodeRegistrar.sol
FN:84,onlyOwner
FN:93,onlyRegistered
FN:102,onlyUnregistered
FN:112,onlyRefundable
FN:126,DarkNodeRegistrar
FN:146,register
FN:176,deregister
FN:191,refund
FN:209,epoch
FN:218,getDarkNode
FN:222,getOwner
FN:226,getBond
FN:230,getPublicKey
FN:234,getCommitment
FN:238,getCurrentEpoch
FN:242,getXingOverlay
FN:246,isDarkNodeRegistered
FNF:17
FNH:2
FNDA:0,onlyOwner
FNDA:0,onlyRegistered
FNDA:0,onlyUnregistered
FNDA:0,onlyRefundable
FNDA:1,DarkNodeRegistrar
FNDA:0,register
FNDA:0,deregister
FNDA:0,refund
FNDA:1128,epoch
FNDA:0,getDarkNode
FNDA:0,getOwner
FNDA:0,getBond
FNDA:0,getPublicKey
FNDA:0,getCommitment
FNDA:0,getCurrentEpoch
FNDA:0,getXingOverlay
FNDA:0,isDarkNodeRegistered
DA:85,0
DA:86,0
DA:94,0
DA:95,0
DA:103,0
DA:104,0
DA:113,0
DA:114,0
DA:127,1
DA:128,1
DA:129,1
DA:130,1
DA:148,0
DA:149,0
DA:152,0
DA:155,0
DA:166,0
DA:178,0
DA:181,0
DA:184,0
DA:193,0
DA:194,0
DA:197,0
DA:198,0
DA:201,0
DA:210,1128
DA:211,1128
DA:219,0
DA:223,0
DA:227,0
DA:231,0
DA:235,0
DA:239,0
DA:243,0
DA:247,0
DA:248,0
DA:250,0
DA:251,0
DA:253,0
DA:254,0
DA:256,0
LF:41
LH:6
BRDA:85,1,0,0
BRDA:85,1,1,0
BRDA:94,2,0,0
BRDA:94,2,1,0
BRDA:103,3,0,0
BRDA:103,3,1,0
BRDA:113,4,0,0
BRDA:113,4,1,0
BRDA:149,5,0,0
BRDA:149,5,1,0
BRDA:152,6,0,0
BRDA:152,6,1,0
BRDA:194,7,0,0
BRDA:194,7,1,0
BRDA:198,8,0,0
BRDA:198,8,1,0
BRDA:210,9,0,1128
BRDA:210,9,1,0
BRDA:247,10,0,0
BRDA:247,10,1,0
BRDA:250,11,0,0
BRDA:250,11,1,0
BRDA:253,12,0,0
BRDA:253,12,1,0
BRF:24
BRH:1
end_of_record
TN:
SF:/Users/susruth/Desktop/Personal/Work/eth-republic/contracts/Judicar.sol
FN:9,onlyOrderBook
FN:20,submitCommitment
FN:24,getProofs
FNF:3
FNH:0
FNDA:0,onlyOrderBook
FNDA:0,submitCommitment
FNDA:0,getProofs
DA:11,0
DA:21,0
LF:2
LH:0
BRF:0
BRH:0
end_of_record
TN:
SF:/Users/susruth/Desktop/Personal/Work/eth-republic/contracts/LinkedList.sol
FN:35,inList
FN:46,notInList
FN:56,head
FN:64,tail
FN:74,insertBefore
FN:92,insertAfter
FN:109,remove
FN:128,prepend
FN:137,append
FNF:9
FNH:0
FNDA:0,inList
FNDA:0,notInList
FNDA:0,head
FNDA:0,tail
FNDA:0,insertBefore
FNDA:0,insertAfter
FNDA:0,remove
FNDA:0,prepend
FNDA:0,append
DA:36,0
DA:37,0
DA:47,0
DA:48,0
DA:57,0
DA:65,0
DA:76,0
DA:78,0
DA:79,0
DA:80,0
DA:81,0
DA:83,0
DA:94,0
DA:96,0
DA:97,0
DA:98,0
DA:99,0
DA:101,0
DA:110,0
DA:111,0
DA:113,0
DA:114,0
DA:116,0
DA:117,0
DA:120,0
DA:129,0
DA:138,0
LF:27
LH:0
BRDA:36,1,0,0
BRDA:36,1,1,0
BRDA:47,2,0,0
BRDA:47,2,1,0
BRDA:110,3,0,0
BRDA:110,3,1,0
BRF:6
BRH:0
end_of_record
TN:
SF:/Users/susruth/Desktop/Personal/Work/eth-republic/contracts/TraderRegistrar.sol
FN:60,onlyOwner
FN:69,onlyUnregistered
FN:78,onlyRegistered
FN:91,TraderRegistrar
FN:106,register
FN:134,deregister
FN:152,refund
FN:165,getTrader
FN:169,getNumberOfTraders
FN:173,getOwner
FN:177,getBond
FN:181,getPublicKey
FNF:12
FNH:1
FNDA:0,onlyOwner
FNDA:0,onlyUnregistered
FNDA:0,onlyRegistered
FNDA:1,TraderRegistrar
FNDA:0,register
FNDA:0,deregister
FNDA:0,refund
FNDA:0,getTrader
FNDA:0,getNumberOfTraders
FNDA:0,getOwner
FNDA:0,getBond
FNDA:0,getPublicKey
DA:61,0
DA:62,0
DA:70,0
DA:71,0
DA:79,0
DA:80,0
DA:92,1
DA:93,1
DA:108,0
DA:109,0
DA:112,0
DA:115,0
DA:121,0
DA:124,0
DA:136,0
DA:139,0
DA:140,0
DA:141,0
DA:142,0
DA:145,0
DA:154,0
DA:155,0
DA:158,0
DA:159,0
DA:162,0
DA:166,0
DA:170,0
DA:174,0
DA:178,0
DA:182,0
LF:30
LH:2
BRDA:61,1,0,0
BRDA:61,1,1,0
BRDA:70,2,0,0
BRDA:70,2,1,0
BRDA:79,3,0,0
BRDA:79,3,1,0
BRDA:109,4,0,0
BRDA:109,4,1,0
BRDA:112,5,0,0
BRDA:112,5,1,0
BRDA:155,6,0,0
BRDA:155,6,1,0
BRDA:159,7,0,0
BRDA:159,7,1,0
BRF:14
BRH:0
end_of_record
TN:
SF:/Users/susruth/Desktop/Personal/Work/eth-republic/contracts/Utils.sol
FN:14,lastNBytes
FN:33,ethereumAddressFromPublicKey
FN:45,republicIDFromPublicKey
FN:57,logtwo
FNF:4
FNH:0
FNDA:0,lastNBytes
FNDA:0,ethereumAddressFromPublicKey
FNDA:0,republicIDFromPublicKey
FNDA:0,logtwo
DA:15,0
DA:16,0
DA:17,0
DA:18,0
DA:19,0
DA:21,0
DA:34,0
DA:46,0
DA:58,0
DA:86,0
DA:87,0
LF:11
LH:0
BRDA:15,1,0,0
BRDA:15,1,1,0
BRDA:86,2,0,0
BRDA:86,2,1,0
BRF:4
BRH:0
end_of_record
